app/build/intermediates/manifest_merge_blame_file/debug/processDebugMainManifest/manifest-merger-blame-debug-report.txt
1<?xml version="1.0" encoding="utf-8"?>
2<manifest xmlns:android="http://schemas.android.com/apk/res/android"
3    package="com.classdrop"
4    android:versionCode="1"
5    android:versionName="1.0" >
6
7    <uses-sdk
8        android:minSdkVersion="24"
9        android:targetSdkVersion="34" />
10
11    <uses-permission android:name="android.permission.INTERNET" />
11-->src/main/AndroidManifest.xml:5:5-67
11-->src/main/AndroidManifest.xml:5:22-64
12    <uses-permission
12-->src/main/AndroidManifest.xml:6:5-107
13        android:name="android.permission.READ_EXTERNAL_STORAGE"
13-->src/main/AndroidManifest.xml:6:22-77
14        android:maxSdkVersion="32" />
14-->src/main/AndroidManifest.xml:6:78-104
15    <uses-permission android:name="android.permission.READ_MEDIA_IMAGES" />
15-->src/main/AndroidManifest.xml:7:5-76
15-->src/main/AndroidManifest.xml:7:22-73
16    <uses-permission android:name="android.permission.READ_MEDIA_VIDEO" />
16-->src/main/AndroidManifest.xml:8:5-75
16-->src/main/AndroidManifest.xml:8:22-72
17    <uses-permission android:name="android.permission.READ_MEDIA_VISUAL_USER_SELECTED" />
17-->src/main/AndroidManifest.xml:9:5-90
17-->src/main/AndroidManifest.xml:9:22-87
18
19    <permission
19-->[androidx.core:core:1.12.0] AndroidManifest.xml:22:5-24:47
20        android:name="com.classdrop.DYNAMIC_RECEIVER_NOT_EXPORTED_PERMISSION"
20-->[androidx.core:core:1.12.0] AndroidManifest.xml:23:9-81
21        android:protectionLevel="signature" />
21-->[androidx.core:core:1.12.0] AndroidManifest.xml:24:9-44
22
23    <uses-permission android:name="com.classdrop.DYNAMIC_RECEIVER_NOT_EXPORTED_PERMISSION" />
23-->[androidx.core:core:1.12.0] AndroidManifest.xml:26:5-97
23-->[androidx.core:core:1.12.0] AndroidManifest.xml:26:22-94
24
25    <application
25-->src/main/AndroidManifest.xml:11:5-55:19
26        android:allowBackup="true"
26-->src/main/AndroidManifest.xml:12:9-35
27        android:appComponentFactory="androidx.core.app.CoreComponentFactory"
27-->[androidx.core:core:1.12.0] AndroidManifest.xml:28:18-86
28        android:debuggable="true"
29        android:extractNativeLibs="false"
30        android:icon="@mipmap/ic_launcher"
30-->src/main/AndroidManifest.xml:13:9-43
31        android:label="@string/app_name"
31-->src/main/AndroidManifest.xml:14:9-41
32        android:roundIcon="@mipmap/ic_launcher_round"
32-->src/main/AndroidManifest.xml:15:9-54
33        android:supportsRtl="true"
33-->src/main/AndroidManifest.xml:16:9-35
34        android:testOnly="true"
35        android:theme="@style/Theme.ClassDrop" >
35-->src/main/AndroidManifest.xml:17:9-47
36        <activity
36-->src/main/AndroidManifest.xml:19:9-26:20
37            android:name="com.classdrop.ui.auth.SplashActivity"
37-->src/main/AndroidManifest.xml:20:13-51
38            android:exported="true" >
38-->src/main/AndroidManifest.xml:21:13-36
39            <intent-filter>
39-->src/main/AndroidManifest.xml:22:13-25:29
40                <action android:name="android.intent.action.MAIN" />
40-->src/main/AndroidManifest.xml:23:17-69
40-->src/main/AndroidManifest.xml:23:25-66
41
42                <category android:name="android.intent.category.LAUNCHER" />
42-->src/main/AndroidManifest.xml:24:17-77
42-->src/main/AndroidManifest.xml:24:27-74
43            </intent-filter>
44        </activity>
45        <activity android:name="com.classdrop.ui.auth.LoginActivity" />
45-->src/main/AndroidManifest.xml:28:9-59
45-->src/main/AndroidManifest.xml:28:19-56
46        <activity android:name="com.classdrop.ui.auth.RegisterActivity" />
46-->src/main/AndroidManifest.xml:29:9-62
46-->src/main/AndroidManifest.xml:29:19-59
47        <activity android:name="com.classdrop.ui.auth.ForgotPasswordActivity" />
47-->src/main/AndroidManifest.xml:30:9-68
47-->src/main/AndroidManifest.xml:30:19-65
48        <activity android:name="com.classdrop.ui.auth.ResetPasswordActivity" />
48-->src/main/AndroidManifest.xml:31:9-67
48-->src/main/AndroidManifest.xml:31:19-64
49        <activity android:name="com.classdrop.ui.main.MainActivity" />
49-->src/main/AndroidManifest.xml:32:9-58
49-->src/main/AndroidManifest.xml:32:19-55
50        <activity android:name="com.classdrop.ui.explore.SubjectDetailActivity" />
50-->src/main/AndroidManifest.xml:33:9-70
50-->src/main/AndroidManifest.xml:33:19-67
51        <activity android:name="com.classdrop.ui.files.UploadFileActivity" />
51-->src/main/AndroidManifest.xml:34:9-65
51-->src/main/AndroidManifest.xml:34:19-62
52        <activity android:name="com.classdrop.ui.files.UploadUrlActivity" />
52-->src/main/AndroidManifest.xml:35:9-64
52-->src/main/AndroidManifest.xml:35:19-61
53        <activity android:name="com.classdrop.ui.files.FileDetailActivity" />
53-->src/main/AndroidManifest.xml:36:9-65
53-->src/main/AndroidManifest.xml:36:19-62
54        <activity android:name="com.classdrop.ui.files.FileStatusActivity" />
54-->src/main/AndroidManifest.xml:37:9-65
54-->src/main/AndroidManifest.xml:37:19-62
55        <activity android:name="com.classdrop.ui.files.FileSuccessActivity" />
55-->src/main/AndroidManifest.xml:38:9-66
55-->src/main/AndroidManifest.xml:38:19-63
56        <activity android:name="com.classdrop.ui.files.FileRejectedActivity" />
56-->src/main/AndroidManifest.xml:39:9-67
56-->src/main/AndroidManifest.xml:39:19-64
57        <activity android:name="com.classdrop.ui.comments.CommentsActivity" />
57-->src/main/AndroidManifest.xml:40:9-66
57-->src/main/AndroidManifest.xml:40:19-63
58        <activity android:name="com.classdrop.ui.notifications.NotificationsActivity" />
58-->src/main/AndroidManifest.xml:41:9-76
58-->src/main/AndroidManifest.xml:41:19-73
59        <activity android:name="com.classdrop.ui.admin.AdminHomeActivity" />
59-->src/main/AndroidManifest.xml:42:9-64
59-->src/main/AndroidManifest.xml:42:19-61
60        <activity android:name="com.classdrop.ui.admin.ModerationActivity" />
60-->src/main/AndroidManifest.xml:43:9-65
60-->src/main/AndroidManifest.xml:43:19-62
61        <activity android:name="com.classdrop.ui.admin.ReportsActivity" />
61-->src/main/AndroidManifest.xml:44:9-62
61-->src/main/AndroidManifest.xml:44:19-59
62        <activity android:name="com.classdrop.ui.admin.NormsAdminActivity" />
62-->src/main/AndroidManifest.xml:45:9-65
62-->src/main/AndroidManifest.xml:45:19-62
63        <activity android:name="com.classdrop.ui.admin.PrivacyAdminActivity" />
63-->src/main/AndroidManifest.xml:46:9-67
63-->src/main/AndroidManifest.xml:46:19-64
64        <activity android:name="com.classdrop.ui.admin.SubjectsAdminActivity" />
64-->src/main/AndroidManifest.xml:47:9-68
64-->src/main/AndroidManifest.xml:47:19-65
65        <activity android:name="com.classdrop.ui.admin.CreateSubjectActivity" />
65-->src/main/AndroidManifest.xml:48:9-68
65-->src/main/AndroidManifest.xml:48:19-65
66        <activity android:name="com.classdrop.ui.admin.AdminProfileActivity" />
66-->src/main/AndroidManifest.xml:49:9-67
66-->src/main/AndroidManifest.xml:49:19-64
67        <activity android:name="com.classdrop.ui.profile.PrivacyPolicyActivity" />
67-->src/main/AndroidManifest.xml:50:9-70
67-->src/main/AndroidManifest.xml:50:19-67
68        <activity android:name="com.classdrop.ui.profile.CommunityRulesActivity" />
68-->src/main/AndroidManifest.xml:51:9-71
68-->src/main/AndroidManifest.xml:51:19-68
69        <activity android:name="com.classdrop.ui.profile.AllFilesActivity" />
69-->src/main/AndroidManifest.xml:52:9-65
69-->src/main/AndroidManifest.xml:52:19-62
70        <activity android:name="com.classdrop.ui.home.AllSubjectsActivity" />
70-->src/main/AndroidManifest.xml:53:9-65
70-->src/main/AndroidManifest.xml:53:19-62
71
72        <provider
72-->[androidx.emoji2:emoji2:1.2.0] AndroidManifest.xml:24:9-32:20
73            android:name="androidx.startup.InitializationProvider"
73-->[androidx.emoji2:emoji2:1.2.0] AndroidManifest.xml:25:13-67
74            android:authorities="com.classdrop.androidx-startup"
74-->[androidx.emoji2:emoji2:1.2.0] AndroidManifest.xml:26:13-68
75            android:exported="false" >
75-->[androidx.emoji2:emoji2:1.2.0] AndroidManifest.xml:27:13-37
76            <meta-data
76-->[androidx.emoji2:emoji2:1.2.0] AndroidManifest.xml:29:13-31:52
77                android:name="androidx.emoji2.text.EmojiCompatInitializer"
77-->[androidx.emoji2:emoji2:1.2.0] AndroidManifest.xml:30:17-75
78                android:value="androidx.startup" />
78-->[androidx.emoji2:emoji2:1.2.0] AndroidManifest.xml:31:17-49
79            <meta-data
79-->[androidx.lifecycle:lifecycle-process:2.7.0] AndroidManifest.xml:29:13-31:52
80                android:name="androidx.lifecycle.ProcessLifecycleInitializer"
80-->[androidx.lifecycle:lifecycle-process:2.7.0] AndroidManifest.xml:30:17-78
81                android:value="androidx.startup" />
81-->[androidx.lifecycle:lifecycle-process:2.7.0] AndroidManifest.xml:31:17-49
82            <meta-data
82-->[androidx.profileinstaller:profileinstaller:1.3.0] AndroidManifest.xml:29:13-31:52
83                android:name="androidx.profileinstaller.ProfileInstallerInitializer"
83-->[androidx.profileinstaller:profileinstaller:1.3.0] AndroidManifest.xml:30:17-85
84                android:value="androidx.startup" />
84-->[androidx.profileinstaller:profileinstaller:1.3.0] AndroidManifest.xml:31:17-49
85        </provider>
86
87        <service
87-->[androidx.room:room-runtime:2.6.1] AndroidManifest.xml:24:9-28:63
88            android:name="androidx.room.MultiInstanceInvalidationService"
88-->[androidx.room:room-runtime:2.6.1] AndroidManifest.xml:25:13-74
89            android:directBootAware="true"
89-->[androidx.room:room-runtime:2.6.1] AndroidManifest.xml:26:13-43
90            android:exported="false" />
90-->[androidx.room:room-runtime:2.6.1] AndroidManifest.xml:27:13-37
91
92        <receiver
92-->[androidx.profileinstaller:profileinstaller:1.3.0] AndroidManifest.xml:34:9-52:20
93            android:name="androidx.profileinstaller.ProfileInstallReceiver"
93-->[androidx.profileinstaller:profileinstaller:1.3.0] AndroidManifest.xml:35:13-76
94            android:directBootAware="false"
94-->[androidx.profileinstaller:profileinstaller:1.3.0] AndroidManifest.xml:36:13-44
95            android:enabled="true"
95-->[androidx.profileinstaller:profileinstaller:1.3.0] AndroidManifest.xml:37:13-35
96            android:exported="true"
96-->[androidx.profileinstaller:profileinstaller:1.3.0] AndroidManifest.xml:38:13-36
97            android:permission="android.permission.DUMP" >
97-->[androidx.profileinstaller:profileinstaller:1.3.0] AndroidManifest.xml:39:13-57
98            <intent-filter>
98-->[androidx.profileinstaller:profileinstaller:1.3.0] AndroidManifest.xml:40:13-42:29
99                <action android:name="androidx.profileinstaller.action.INSTALL_PROFILE" />
99-->[androidx.profileinstaller:profileinstaller:1.3.0] AndroidManifest.xml:41:17-91
99-->[androidx.profileinstaller:profileinstaller:1.3.0] AndroidManifest.xml:41:25-88
100            </intent-filter>
101            <intent-filter>
101-->[androidx.profileinstaller:profileinstaller:1.3.0] AndroidManifest.xml:43:13-45:29
102                <action android:name="androidx.profileinstaller.action.SKIP_FILE" />
102-->[androidx.profileinstaller:profileinstaller:1.3.0] AndroidManifest.xml:44:17-85
102-->[androidx.profileinstaller:profileinstaller:1.3.0] AndroidManifest.xml:44:25-82
103            </intent-filter>
104            <intent-filter>
104-->[androidx.profileinstaller:profileinstaller:1.3.0] AndroidManifest.xml:46:13-48:29
105                <action android:name="androidx.profileinstaller.action.SAVE_PROFILE" />
105-->[androidx.profileinstaller:profileinstaller:1.3.0] AndroidManifest.xml:47:17-88
105-->[androidx.profileinstaller:profileinstaller:1.3.0] AndroidManifest.xml:47:25-85
106            </intent-filter>
107            <intent-filter>
107-->[androidx.profileinstaller:profileinstaller:1.3.0] AndroidManifest.xml:49:13-51:29
108                <action android:name="androidx.profileinstaller.action.BENCHMARK_OPERATION" />
108-->[androidx.profileinstaller:profileinstaller:1.3.0] AndroidManifest.xml:50:17-95
108-->[androidx.profileinstaller:profileinstaller:1.3.0] AndroidManifest.xml:50:25-92
109            </intent-filter>
110        </receiver>
111    </application>
112
113</manifest>